<?xml version="1.0" encoding="UTF-8"?>
<!-- Generated by org.testng.reporters.JUnitXMLReporter -->
<testsuite ignored="6" hostname="DESKTOP-N4J2F8P" failures="0" tests="2" name="groupingtests" time="0.073" errors="0" timestamp="2025-09-04T11:00:48 IST">
  <testcase classname="grouping_you.PaymentTest" name="paymentInRupees" time="0.011"/>
  <testcase classname="grouping_you.PaymentTest" name="paymentInDollers" time="0.002"/>
  <testcase classname="grouping_you.LoginTests" name="loginByFacebook" time="0.0">
    <ignored/>
  </testcase> <!-- loginByFacebook -->
  <testcase classname="grouping_you.LoginTests" name="loginByTwitter" time="0.0">
    <ignored/>
  </testcase> <!-- loginByTwitter -->
  <testcase classname="grouping_you.LoginTests" name="loginByEmail" time="0.0">
    <ignored/>
  </testcase> <!-- loginByEmail -->
  <testcase classname="grouping_you.SignupTest" name="signupByEmail" time="0.0">
    <ignored/>
  </testcase> <!-- signupByEmail -->
  <testcase classname="grouping_you.SignupTest" name="signupByFacebook" time="0.0">
    <ignored/>
  </testcase> <!-- signupByFacebook -->
  <testcase classname="grouping_you.SignupTest" name="signupByTwitter" time="0.0">
    <ignored/>
  </testcase> <!-- signupByTwitter -->
</testsuite> <!-- groupingtests -->
