<?xml version="1.0" encoding="UTF-8"?>
<!-- Generated by org.testng.reporters.JUnitXMLReporter -->
<testsuite ignored="0" hostname="DESKTOP-N4J2F8P" failures="0" tests="3" name="ChromeTest" time="42.55" errors="0" timestamp="2025-09-05T12:44:22 IST">
  <testcase classname="testNG_mycodes.Params" name="testLogo" time="0.251"/>
  <testcase classname="testNG_mycodes.Params" name="testTitle" time="0.009"/>
  <testcase classname="testNG_mycodes.Params" name="testURL" time="0.01"/>
</testsuite> <!-- ChromeTest -->
