<?xml version="1.0" encoding="UTF-8"?>
<!-- Generated by org.testng.reporters.JUnitXMLReporter -->
<testsuite ignored="0" hostname="DESKTOP-N4J2F8P" failures="0" tests="3" name="Test2" time="0.017" errors="0" timestamp="2025-09-03T15:21:52 IST">
  <testcase classname="testNG_Before_After_Test.C1_class" name="abc" time="0.001"/>
  <testcase classname="testNG_Before_After_Test.C2_class" name="xyz" time="0.001"/>
  <testcase classname="testNG_Before_After_Test.C3_Class" name="pqr" time="0.002"/>
</testsuite> <!-- Test2 -->
