<?xml version="1.0" encoding="UTF-8"?>
<!-- Generated by org.testng.reporters.JUnitReportReporter -->
<testsuite hostname="DESKTOP-N4J2F8P" failures="0" tests="3" name="grouping_class.LoginTest" time="0.019" errors="0" timestamp="2025-09-04T18:17:14 IST" skipped="0">
  <testcase classname="grouping_class.LoginTest" name="loginByGmail" time="0.015"/>
  <testcase classname="grouping_class.LoginTest" name="loginByFacebook" time="0.002"/>
  <testcase classname="grouping_class.LoginTest" name="loginBySkype" time="0.002"/>
</testsuite> <!-- grouping_class.LoginTest -->
