<?xml version="1.0" encoding="UTF-8"?>
<!-- Generated by org.testng.reporters.JUnitReportReporter -->
<testsuite hostname="DESKTOP-N4J2F8P" failures="0" tests="2" name="testNG_codes.BeforeMethod_Aftermethod" time="0.108" errors="0" timestamp="2025-09-03T14:28:18 IST" skipped="0">
  <testcase classname="testNG_codes.BeforeMethod_Aftermethod" name="Search" time="0.106"/>
  <testcase classname="testNG_codes.BeforeMethod_Aftermethod" name="AdvancedSearch" time="0.002"/>
</testsuite> <!-- testNG_codes.BeforeMethod_Aftermethod -->
