<?xml version="1.0" encoding="UTF-8"?>
<!-- Generated by org.testng.reporters.JUnitReportReporter -->
<testsuite hostname="DESKTOP-N4J2F8P" failures="0" tests="3" name="practice_0509.Logintest" time="0.015" errors="0" timestamp="2025-09-05T13:04:06 IST" skipped="0">
  <testcase classname="practice_0509.Logintest" name="loginByEmail" time="0.011"/>
  <testcase classname="practice_0509.Logintest" name="loginByFacebook" time="0.002"/>
  <testcase classname="practice_0509.Logintest" name="loginByTwitter" time="0.002"/>
</testsuite> <!-- practice_0509.Logintest -->
