<?xml version="1.0" encoding="UTF-8"?>
<!-- Generated by org.testng.reporters.JUnitReportReporter -->
<testsuite hostname="DESKTOP-N4J2F8P" failures="0" tests="3" name="practice_0509.Signuptest" time="0.005" errors="0" timestamp="2025-09-05T13:03:12 IST" skipped="0">
  <testcase classname="practice_0509.Signuptest" name="signupByEmail" time="0.002"/>
  <testcase classname="practice_0509.Signuptest" name="signupByFacebook" time="0.001"/>
  <testcase classname="practice_0509.Signuptest" name="signupByTwitter" time="0.002"/>
</testsuite> <!-- practice_0509.Signuptest -->
