<?xml version="1.0" encoding="UTF-8"?>
<!-- Generated by org.testng.reporters.JUnitReportReporter -->
<testsuite hostname="DESKTOP-N4J2F8P" failures="0" tests="4" name="practice_0509.Dataproviderrrr" time="8.192" errors="0" timestamp="2025-09-05T16:41:22 IST" skipped="0">
  <testcase classname="practice_0509.Dataproviderrrr" name="login" time="1.952"/>
  <testcase classname="practice_0509.Dataproviderrrr" name="login" time="4.122"/>
  <testcase classname="practice_0509.Dataproviderrrr" name="login" time="1.082"/>
  <testcase classname="practice_0509.Dataproviderrrr" name="login" time="1.036"/>
</testsuite> <!-- practice_0509.Dataproviderrrr -->
