<?xml version="1.0" encoding="UTF-8"?>
<!-- Generated by org.testng.reporters.JUnitReportReporter -->
<testsuite hostname="DESKTOP-N4J2F8P" failures="0" tests="3" name="grouping_you.LoginTests" time="0.014" errors="0" timestamp="2025-09-04T10:56:41 IST" skipped="0">
  <testcase classname="grouping_you.LoginTests" name="loginByEmail" time="0.011"/>
  <testcase classname="grouping_you.LoginTests" name="loginByFacebook" time="0.002"/>
  <testcase classname="grouping_you.LoginTests" name="loginByTwitter" time="0.001"/>
</testsuite> <!-- grouping_you.LoginTests -->
