<?xml version="1.0" encoding="UTF-8"?>
<!-- Generated by org.testng.reporters.JUnitReportReporter -->
<testsuite hostname="DESKTOP-N4J2F8P" failures="0" tests="2" name="testNG_Before_After_Test.C3_Class" time="0.004" errors="0" timestamp="2025-09-03T15:21:52 IST" skipped="0">
  <testcase classname="testNG_Before_After_Test.C3_Class" name="pqr" time="0.002"/>
  <testcase classname="testNG_Before_After_Test.C3_Class" name="pqr" time="0.002"/>
</testsuite> <!-- testNG_Before_After_Test.C3_Class -->
