<?xml version="1.0" encoding="UTF-8"?>
<!-- Generated by org.testng.reporters.JUnitReportReporter -->
<testsuite hostname="DESKTOP-N4J2F8P" failures="0" tests="3" name="testNG_mycodes.Params" time="0.270" errors="0" timestamp="2025-09-05T12:44:23 IST" skipped="0">
  <testcase classname="testNG_mycodes.Params" name="testURL" time="0.010"/>
  <testcase classname="testNG_mycodes.Params" name="testTitle" time="0.009"/>
  <testcase classname="testNG_mycodes.Params" name="testLogo" time="0.251"/>
</testsuite> <!-- testNG_mycodes.Params -->
