<?xml version="1.0" encoding="UTF-8"?>
<!-- Generated by org.testng.reporters.JUnitReportReporter -->
<testsuite hostname="DESKTOP-N4J2F8P" failures="0" tests="2" name="testNG_Before_After_Test.C2_class" time="0.003" errors="0" timestamp="2025-09-03T15:21:52 IST" skipped="0">
  <testcase classname="testNG_Before_After_Test.C2_class" name="xyz" time="0.001"/>
  <testcase classname="testNG_Before_After_Test.C2_class" name="xyz" time="0.002"/>
</testsuite> <!-- testNG_Before_After_Test.C2_class -->
