<?xml version="1.0" encoding="UTF-8"?>
<!-- Generated by org.testng.reporters.JUnitReportReporter -->
<testsuite hostname="DESKTOP-N4J2F8P" failures="0" tests="3" name="testNG_mycodes.Oct10_testNG" time="0.015" errors="0" timestamp="2025-10-17T18:55:05 IST" skipped="0">
  <testcase classname="testNG_mycodes.Oct10_testNG" name="logout" time="0.011"/>
  <testcase classname="testNG_mycodes.Oct10_testNG" name="login" time="0.002"/>
  <testcase classname="testNG_mycodes.Oct10_testNG" name="openapp" time="0.002"/>
</testsuite> <!-- testNG_mycodes.Oct10_testNG -->
