<?xml version="1.0" encoding="UTF-8"?>
<!-- Generated by org.testng.reporters.JUnitReportReporter -->
<testsuite hostname="DESKTOP-N4J2F8P" failures="0" tests="2" name="testNG_codes.Before_After_Class" time="0.012" errors="0" timestamp="2025-09-03T14:33:34 IST" skipped="0">
  <testcase classname="testNG_codes.Before_After_Class" name="search" time="0.010"/>
  <testcase classname="testNG_codes.Before_After_Class" name="Advancedsearch" time="0.002"/>
</testsuite> <!-- testNG_codes.Before_After_Class -->
