<?xml version="1.0" encoding="UTF-8"?>
<!-- Generated by org.testng.reporters.JUnitReportReporter -->
<testsuite hostname="DESKTOP-N4J2F8P" failures="0" tests="3" name="grouping_class.Signup_Test" time="0.008" errors="0" timestamp="2025-09-04T18:12:25 IST" skipped="0">
  <testcase classname="grouping_class.Signup_Test" name="signupBygmail" time="0.003"/>
  <testcase classname="grouping_class.Signup_Test" name="signupByFacebook" time="0.003"/>
  <testcase classname="grouping_class.Signup_Test" name="signupBySkype" time="0.002"/>
</testsuite> <!-- grouping_class.Signup_Test -->
