<?xml version="1.0" encoding="UTF-8"?>
<!-- Generated by org.testng.reporters.JUnitReportReporter -->
<testsuite hostname="DESKTOP-N4J2F8P" failures="0" tests="3" name="testNG_mycodes.DataaaProvider" time="11.099" errors="0" timestamp="2025-09-06T09:23:01 IST" skipped="0">
  <testcase classname="testNG_mycodes.DataaaProvider" name="testlogin" time="1.290"/>
  <testcase classname="testNG_mycodes.DataaaProvider" name="testlogin" time="1.573"/>
  <testcase classname="testNG_mycodes.DataaaProvider" name="testlogin" time="8.236"/>
</testsuite> <!-- testNG_mycodes.DataaaProvider -->
