<?xml version="1.0" encoding="UTF-8"?>
<!-- Generated by org.testng.reporters.JUnitReportReporter -->
<testsuite hostname="DESKTOP-N4J2F8P" failures="0" tests="4" name="practice_0509.Data_pro" time="78.555" errors="0" timestamp="2025-09-06T09:50:31 IST" skipped="0">
  <testcase classname="practice_0509.Data_pro" name="login" time="16.338"/>
  <testcase classname="practice_0509.Data_pro" name="login" time="22.471"/>
  <testcase classname="practice_0509.Data_pro" name="login" time="15.798"/>
  <testcase classname="practice_0509.Data_pro" name="login" time="23.948"/>
</testsuite> <!-- practice_0509.Data_pro -->
