<?xml version="1.0" encoding="UTF-8"?>
<!-- Generated by org.testng.reporters.JUnitReportReporter -->
<testsuite hostname="DESKTOP-N4J2F8P" failures="0" tests="3" name="grouping_you.SignupTest" time="0.013" errors="0" timestamp="2025-09-04T10:54:56 IST" skipped="0">
  <testcase classname="grouping_you.SignupTest" name="signupByEmail" time="0.010"/>
  <testcase classname="grouping_you.SignupTest" name="signupByFacebook" time="0.001"/>
  <testcase classname="grouping_you.SignupTest" name="signupByTwitter" time="0.002"/>
</testsuite> <!-- grouping_you.SignupTest -->
