<?xml version="1.0" encoding="UTF-8"?>
<!-- Generated by org.testng.reporters.JUnitReportReporter -->
<testsuite hostname="DESKTOP-N4J2F8P" failures="0" tests="2" name="testNG_Before_After_Test.C1_class" time="0.067" errors="0" timestamp="2025-09-03T15:21:52 IST" skipped="0">
  <testcase classname="testNG_Before_After_Test.C1_class" name="abc" time="0.001"/>
  <testcase classname="testNG_Before_After_Test.C1_class" name="abc" time="0.066"/>
</testsuite> <!-- testNG_Before_After_Test.C1_class -->
