<?xml version="1.0" encoding="UTF-8"?>
<testsuite name="Cucumber" time="0.518" tests="3" skipped="0" failures="0" errors="0">
<testcase classname="Orange HRMLogin Functionality" name="Verify login functionality with valid credentials - #1.1" time="0.023">
<system-out><![CDATA[
Given user is on OHRM login page............................................passed
When user enters "admin" and "Admin987".....................................passed
Then user clicks on Login button............................................passed
And user navigates to dashboard.............................................passed
]]></system-out>
</testcase>
<testcase classname="Orange HRMLogin Functionality" name="Verify login functionality with valid credentials - #1.2" time="0.002">
<system-out><![CDATA[
Given user is on OHRM login page............................................passed
When user enters "admin" and "Admin765".....................................passed
Then user clicks on Login button............................................passed
And user navigates to dashboard.............................................passed
]]></system-out>
</testcase>
<testcase classname="Orange HRMLogin Functionality" name="Verify login functionality with valid credentials - #1.3" time="0.001">
<system-out><![CDATA[
Given user is on OHRM login page............................................passed
When user enters "Admin" and "admin123".....................................passed
Then user clicks on Login button............................................passed
And user navigates to dashboard.............................................passed
]]></system-out>
</testcase>
</testsuite>
